<?xml version="1.0" encoding="UTF-8"?>
<testsuite name="kom.backendstudy.springboot.web.IndexControllerTest" tests="1" skipped="0" failures="0" errors="0" timestamp="2021-04-09T09:31:51" hostname="Komputers" time="0.231">
  <properties/>
  <testcase name="메인페이지_로딩" classname="kom.backendstudy.springboot.web.IndexControllerTest" time="0.231"/>
  <system-out><![CDATA[18:31:46.935 [Test worker] DEBUG org.springframework.test.context.junit4.SpringJUnit4ClassRunner - SpringJUnit4ClassRunner constructor called with [class kom.backendstudy.springboot.web.IndexControllerTest]
18:31:46.941 [Test worker] DEBUG org.springframework.test.context.BootstrapUtils - Instantiating CacheAwareContextLoaderDelegate from class [org.springframework.test.context.cache.DefaultCacheAwareContextLoaderDelegate]
18:31:46.950 [Test worker] DEBUG org.springframework.test.context.BootstrapUtils - Instantiating BootstrapContext using constructor [public org.springframework.test.context.support.DefaultBootstrapContext(java.lang.Class,org.springframework.test.context.CacheAwareContextLoaderDelegate)]
18:31:46.965 [Test worker] DEBUG org.springframework.test.context.BootstrapUtils - Instantiating TestContextBootstrapper for test class [kom.backendstudy.springboot.web.IndexControllerTest] from class [org.springframework.boot.test.context.SpringBootTestContextBootstrapper]
18:31:46.978 [Test worker] INFO org.springframework.boot.test.context.SpringBootTestContextBootstrapper - Neither @ContextConfiguration nor @ContextHierarchy found for test class [kom.backendstudy.springboot.web.IndexControllerTest], using SpringBootContextLoader
18:31:46.981 [Test worker] DEBUG org.springframework.test.context.support.AbstractContextLoader - Did not detect default resource location for test class [kom.backendstudy.springboot.web.IndexControllerTest]: class path resource [kom/backendstudy/springboot/web/IndexControllerTest-context.xml] does not exist
18:31:46.981 [Test worker] DEBUG org.springframework.test.context.support.AbstractContextLoader - Did not detect default resource location for test class [kom.backendstudy.springboot.web.IndexControllerTest]: class path resource [kom/backendstudy/springboot/web/IndexControllerTestContext.groovy] does not exist
18:31:46.981 [Test worker] INFO org.springframework.test.context.support.AbstractContextLoader - Could not detect default resource locations for test class [kom.backendstudy.springboot.web.IndexControllerTest]: no resource found for suffixes {-context.xml, Context.groovy}.
18:31:46.982 [Test worker] INFO org.springframework.test.context.support.AnnotationConfigContextLoaderUtils - Could not detect default configuration classes for test class [kom.backendstudy.springboot.web.IndexControllerTest]: IndexControllerTest does not declare any static, non-private, non-final, nested classes annotated with @Configuration.
18:31:47.017 [Test worker] DEBUG org.springframework.test.context.support.ActiveProfilesUtils - Could not find an 'annotation declaring class' for annotation type [org.springframework.test.context.ActiveProfiles] and class [kom.backendstudy.springboot.web.IndexControllerTest]
18:31:47.108 [Test worker] DEBUG org.springframework.context.annotation.ClassPathScanningCandidateComponentProvider - Identified candidate component class: file [C:\Users\Komputer\Desktop\Komputer\Projects\BackEnd_Study_Team\jihwan\build\classes\java\main\kom\backendstudy\springboot\Application.class]
18:31:47.110 [Test worker] INFO org.springframework.boot.test.context.SpringBootTestContextBootstrapper - Found @SpringBootConfiguration kom.backendstudy.springboot.Application for test class kom.backendstudy.springboot.web.IndexControllerTest
18:31:47.217 [Test worker] DEBUG org.springframework.boot.test.context.SpringBootTestContextBootstrapper - @TestExecutionListeners is not present for class [kom.backendstudy.springboot.web.IndexControllerTest]: using defaults.
18:31:47.218 [Test worker] INFO org.springframework.boot.test.context.SpringBootTestContextBootstrapper - Loaded default TestExecutionListener class names from location [META-INF/spring.factories]: [org.springframework.boot.test.autoconfigure.restdocs.RestDocsTestExecutionListener, org.springframework.boot.test.autoconfigure.web.client.MockRestServiceServerResetTestExecutionListener, org.springframework.boot.test.autoconfigure.web.servlet.MockMvcPrintOnlyOnFailureTestExecutionListener, org.springframework.boot.test.autoconfigure.web.servlet.WebDriverTestExecutionListener, org.springframework.boot.test.mock.mockito.MockitoTestExecutionListener, org.springframework.boot.test.mock.mockito.ResetMocksTestExecutionListener, org.springframework.test.context.web.ServletTestExecutionListener, org.springframework.test.context.support.DirtiesContextBeforeModesTestExecutionListener, org.springframework.test.context.support.DependencyInjectionTestExecutionListener, org.springframework.test.context.support.DirtiesContextTestExecutionListener, org.springframework.test.context.transaction.TransactionalTestExecutionListener, org.springframework.test.context.jdbc.SqlScriptsTestExecutionListener]
18:31:47.237 [Test worker] INFO org.springframework.boot.test.context.SpringBootTestContextBootstrapper - Using TestExecutionListeners: [org.springframework.test.context.web.ServletTestExecutionListener@2652f313, org.springframework.test.context.support.DirtiesContextBeforeModesTestExecutionListener@26ecdb88, org.springframework.boot.test.mock.mockito.MockitoTestExecutionListener@56c27a20, org.springframework.boot.test.autoconfigure.SpringBootDependencyInjectionTestExecutionListener@3f400079, org.springframework.test.context.support.DirtiesContextTestExecutionListener@e3ba6e9, org.springframework.test.context.transaction.TransactionalTestExecutionListener@4ecb1c3d, org.springframework.test.context.jdbc.SqlScriptsTestExecutionListener@b9d7cbe, org.springframework.boot.test.autoconfigure.restdocs.RestDocsTestExecutionListener@34e1f67c, org.springframework.boot.test.autoconfigure.web.client.MockRestServiceServerResetTestExecutionListener@67be12e7, org.springframework.boot.test.autoconfigure.web.servlet.MockMvcPrintOnlyOnFailureTestExecutionListener@7182c0d9, org.springframework.boot.test.autoconfigure.web.servlet.WebDriverTestExecutionListener@111a3adb, org.springframework.boot.test.mock.mockito.ResetMocksTestExecutionListener@2a736c92]
18:31:47.239 [Test worker] DEBUG org.springframework.test.annotation.ProfileValueUtils - Retrieved @ProfileValueSourceConfiguration [null] for test class [kom.backendstudy.springboot.web.IndexControllerTest]
18:31:47.240 [Test worker] DEBUG org.springframework.test.annotation.ProfileValueUtils - Retrieved ProfileValueSource type [class org.springframework.test.annotation.SystemProfileValueSource] for class [kom.backendstudy.springboot.web.IndexControllerTest]
18:31:47.242 [Test worker] DEBUG org.springframework.test.annotation.ProfileValueUtils - Retrieved @ProfileValueSourceConfiguration [null] for test class [kom.backendstudy.springboot.web.IndexControllerTest]
18:31:47.243 [Test worker] DEBUG org.springframework.test.annotation.ProfileValueUtils - Retrieved ProfileValueSource type [class org.springframework.test.annotation.SystemProfileValueSource] for class [kom.backendstudy.springboot.web.IndexControllerTest]
18:31:47.243 [Test worker] DEBUG org.springframework.test.annotation.ProfileValueUtils - Retrieved @ProfileValueSourceConfiguration [null] for test class [kom.backendstudy.springboot.web.IndexControllerTest]
18:31:47.243 [Test worker] DEBUG org.springframework.test.annotation.ProfileValueUtils - Retrieved ProfileValueSource type [class org.springframework.test.annotation.SystemProfileValueSource] for class [kom.backendstudy.springboot.web.IndexControllerTest]
18:31:47.252 [Test worker] DEBUG org.springframework.test.context.support.AbstractDirtiesContextTestExecutionListener - Before test class: context [DefaultTestContext@73a7fd91 testClass = IndexControllerTest, testInstance = [null], testMethod = [null], testException = [null], mergedContextConfiguration = [WebMergedContextConfiguration@4846422 testClass = IndexControllerTest, locations = '{}', classes = '{class kom.backendstudy.springboot.Application}', contextInitializerClasses = '[]', activeProfiles = '{}', propertySourceLocations = '{}', propertySourceProperties = '{org.springframework.boot.test.context.SpringBootTestContextBootstrapper=true, server.port=0}', contextCustomizers = set[org.springframework.boot.test.autoconfigure.properties.PropertyMappingContextCustomizer@0, org.springframework.boot.test.autoconfigure.web.servlet.WebDriverContextCustomizerFactory$Customizer@37e1d5df, org.springframework.boot.test.context.filter.ExcludeFilterContextCustomizer@5266defe, org.springframework.boot.test.json.DuplicateJsonObjectContextCustomizerFactory$DuplicateJsonObjectContextCustomizer@6f85f1b4, org.springframework.boot.test.mock.mockito.MockitoContextCustomizer@0, org.springframework.boot.test.web.client.TestRestTemplateContextCustomizer@5513cc92], resourceBasePath = 'src/main/webapp', contextLoader = 'org.springframework.boot.test.context.SpringBootContextLoader', parent = [null]], attributes = map['org.springframework.test.context.web.ServletTestExecutionListener.activateListener' -> false]], class annotated with @DirtiesContext [false] with mode [null].
18:31:47.252 [Test worker] DEBUG org.springframework.test.annotation.ProfileValueUtils - Retrieved @ProfileValueSourceConfiguration [null] for test class [kom.backendstudy.springboot.web.IndexControllerTest]
18:31:47.252 [Test worker] DEBUG org.springframework.test.annotation.ProfileValueUtils - Retrieved ProfileValueSource type [class org.springframework.test.annotation.SystemProfileValueSource] for class [kom.backendstudy.springboot.web.IndexControllerTest]
18:31:47.266 [Test worker] DEBUG org.springframework.test.context.support.DependencyInjectionTestExecutionListener - Performing dependency injection for test context [[DefaultTestContext@73a7fd91 testClass = IndexControllerTest, testInstance = kom.backendstudy.springboot.web.IndexControllerTest@538470e2, testMethod = [null], testException = [null], mergedContextConfiguration = [WebMergedContextConfiguration@4846422 testClass = IndexControllerTest, locations = '{}', classes = '{class kom.backendstudy.springboot.Application}', contextInitializerClasses = '[]', activeProfiles = '{}', propertySourceLocations = '{}', propertySourceProperties = '{org.springframework.boot.test.context.SpringBootTestContextBootstrapper=true, server.port=0}', contextCustomizers = set[org.springframework.boot.test.autoconfigure.properties.PropertyMappingContextCustomizer@0, org.springframework.boot.test.autoconfigure.web.servlet.WebDriverContextCustomizerFactory$Customizer@37e1d5df, org.springframework.boot.test.context.filter.ExcludeFilterContextCustomizer@5266defe, org.springframework.boot.test.json.DuplicateJsonObjectContextCustomizerFactory$DuplicateJsonObjectContextCustomizer@6f85f1b4, org.springframework.boot.test.mock.mockito.MockitoContextCustomizer@0, org.springframework.boot.test.web.client.TestRestTemplateContextCustomizer@5513cc92], resourceBasePath = 'src/main/webapp', contextLoader = 'org.springframework.boot.test.context.SpringBootContextLoader', parent = [null]], attributes = map['org.springframework.test.context.web.ServletTestExecutionListener.activateListener' -> false]]].
18:31:47.294 [Test worker] DEBUG org.springframework.test.context.support.TestPropertySourceUtils - Adding inlined properties to environment: {spring.jmx.enabled=false, org.springframework.boot.test.context.SpringBootTestContextBootstrapper=true, server.port=0}

  .   ____          _            __ _ _
 /\\ / ___'_ __ _ _(_)_ __  __ _ \ \ \ \
( ( )\___ | '_ | '_| | '_ \/ _` | \ \ \ \
 \\/  ___)| |_)| | | | | || (_| |  ) ) ) )
  '  |____| .__|_| |_|_| |_\__, | / / / /
 =========|_|==============|___/=/_/_/_/
 :: Spring Boot ::        (v2.1.7.RELEASE)

2021-04-09 18:31:47.497  INFO 3220 --- [    Test worker] k.b.springboot.web.IndexControllerTest   : Starting IndexControllerTest on Komputers with PID 3220 (started by Komputer in C:\Users\Komputer\Desktop\Komputer\Projects\BackEnd_Study_Team\jihwan)
2021-04-09 18:31:47.498  INFO 3220 --- [    Test worker] k.b.springboot.web.IndexControllerTest   : No active profile set, falling back to default profiles: default
2021-04-09 18:31:48.057  INFO 3220 --- [    Test worker] .s.d.r.c.RepositoryConfigurationDelegate : Bootstrapping Spring Data repositories in DEFAULT mode.
2021-04-09 18:31:48.127  INFO 3220 --- [    Test worker] .s.d.r.c.RepositoryConfigurationDelegate : Finished Spring Data repository scanning in 62ms. Found 1 repository interfaces.
2021-04-09 18:31:48.458  INFO 3220 --- [    Test worker] trationDelegate$BeanPostProcessorChecker : Bean 'org.springframework.transaction.annotation.ProxyTransactionManagementConfiguration' of type [org.springframework.transaction.annotation.ProxyTransactionManagementConfiguration$$EnhancerBySpringCGLIB$$c9b3aa70] is not eligible for getting processed by all BeanPostProcessors (for example: not eligible for auto-proxying)
2021-04-09 18:31:48.800  INFO 3220 --- [    Test worker] o.s.b.w.embedded.tomcat.TomcatWebServer  : Tomcat initialized with port(s): 0 (http)
2021-04-09 18:31:48.822  INFO 3220 --- [    Test worker] o.apache.catalina.core.StandardService   : Starting service [Tomcat]
2021-04-09 18:31:48.822  INFO 3220 --- [    Test worker] org.apache.catalina.core.StandardEngine  : Starting Servlet engine: [Apache Tomcat/9.0.22]
2021-04-09 18:31:48.940  INFO 3220 --- [    Test worker] o.a.c.c.C.[Tomcat].[localhost].[/]       : Initializing Spring embedded WebApplicationContext
2021-04-09 18:31:48.940  INFO 3220 --- [    Test worker] o.s.web.context.ContextLoader            : Root WebApplicationContext: initialization completed in 1424 ms
2021-04-09 18:31:49.173  INFO 3220 --- [    Test worker] com.zaxxer.hikari.HikariDataSource       : HikariPool-1 - Starting...
2021-04-09 18:31:49.336  INFO 3220 --- [    Test worker] com.zaxxer.hikari.HikariDataSource       : HikariPool-1 - Start completed.
2021-04-09 18:31:49.417  INFO 3220 --- [    Test worker] o.hibernate.jpa.internal.util.LogHelper  : HHH000204: Processing PersistenceUnitInfo [
	name: default
	...]
2021-04-09 18:31:49.499  INFO 3220 --- [    Test worker] org.hibernate.Version                    : HHH000412: Hibernate Core {5.3.10.Final}
2021-04-09 18:31:49.501  INFO 3220 --- [    Test worker] org.hibernate.cfg.Environment            : HHH000206: hibernate.properties not found
2021-04-09 18:31:49.687  INFO 3220 --- [    Test worker] o.hibernate.annotations.common.Version   : HCANN000001: Hibernate Commons Annotations {5.0.4.Final}
2021-04-09 18:31:49.861  INFO 3220 --- [    Test worker] org.hibernate.dialect.Dialect            : HHH000400: Using dialect: org.hibernate.dialect.MySQL5InnoDBDialect
Hibernate: drop table if exists posts
Hibernate: create table posts (id bigint not null auto_increment, created_date datetime, modified_date datetime, author varchar(255), content TEXT not null, title varchar(500) not null, primary key (id)) engine=InnoDB
2021-04-09 18:31:50.484  INFO 3220 --- [    Test worker] o.h.t.schema.internal.SchemaCreatorImpl  : HHH000476: Executing import script 'org.hibernate.tool.schema.internal.exec.ScriptSourceInputNonExistentImpl@2650aac4'
2021-04-09 18:31:50.487  INFO 3220 --- [    Test worker] j.LocalContainerEntityManagerFactoryBean : Initialized JPA EntityManagerFactory for persistence unit 'default'
2021-04-09 18:31:51.206  INFO 3220 --- [    Test worker] o.s.s.concurrent.ThreadPoolTaskExecutor  : Initializing ExecutorService 'applicationTaskExecutor'
2021-04-09 18:31:51.258  WARN 3220 --- [    Test worker] aWebConfiguration$JpaWebMvcConfiguration : spring.jpa.open-in-view is enabled by default. Therefore, database queries may be performed during view rendering. Explicitly configure spring.jpa.open-in-view to disable this warning
2021-04-09 18:31:51.300  INFO 3220 --- [    Test worker] o.s.b.a.w.s.WelcomePageHandlerMapping    : Adding welcome page template: index
2021-04-09 18:31:51.572  INFO 3220 --- [    Test worker] o.s.b.w.embedded.tomcat.TomcatWebServer  : Tomcat started on port(s): 50733 (http) with context path ''
2021-04-09 18:31:51.573  INFO 3220 --- [    Test worker] k.b.springboot.web.IndexControllerTest   : Started IndexControllerTest in 4.278 seconds (JVM running for 5.213)
2021-04-09 18:31:51.706  INFO 3220 --- [o-auto-1-exec-1] o.a.c.c.C.[Tomcat].[localhost].[/]       : Initializing Spring DispatcherServlet 'dispatcherServlet'
2021-04-09 18:31:51.706  INFO 3220 --- [o-auto-1-exec-1] o.s.web.servlet.DispatcherServlet        : Initializing Servlet 'dispatcherServlet'
2021-04-09 18:31:51.723  INFO 3220 --- [o-auto-1-exec-1] o.s.web.servlet.DispatcherServlet        : Completed initialization in 17 ms
]]></system-out>
  <system-err><![CDATA[]]></system-err>
</testsuite>
